0 info it worked if it ends with ok
1 verbose cli [ 'C:\\Program Files\\nodejs\\node.exe',
1 verbose cli   'C:\\Program Files\\nodejs\\node_modules\\npm\\bin\\npm-cli.js',
1 verbose cli   'install' ]
2 info using npm@3.10.10
3 info using node@v6.10.0
4 silly loadCurrentTree Starting
5 silly install loadCurrentTree
6 silly install readLocalPackageData
7 silly install normalizeTree
8 silly loadCurrentTree Finishing
9 silly loadIdealTree Starting
10 silly install loadIdealTree
11 silly cloneCurrentTree Starting
12 silly install cloneCurrentTreeToIdealTree
13 silly cloneCurrentTree Finishing
14 silly loadShrinkwrap Starting
15 silly install loadShrinkwrap
16 silly loadShrinkwrap Finishing
17 silly loadAllDepsIntoIdealTree Starting
18 silly install loadAllDepsIntoIdealTree
19 silly fetchNamedPackageData mongoose
20 silly mapToRegistry name mongoose
21 silly mapToRegistry using default registry
22 silly mapToRegistry registry https://registry.npmjs.org/
23 silly mapToRegistry data Result {
23 silly mapToRegistry   raw: 'mongoose',
23 silly mapToRegistry   scope: null,
23 silly mapToRegistry   escapedName: 'mongoose',
23 silly mapToRegistry   name: 'mongoose',
23 silly mapToRegistry   rawSpec: '',
23 silly mapToRegistry   spec: 'latest',
23 silly mapToRegistry   type: 'tag' }
24 silly mapToRegistry uri https://registry.npmjs.org/mongoose
25 verbose request uri https://registry.npmjs.org/mongoose
26 verbose request no auth needed
27 info attempt registry request try #1 at 9:33:32 AM
28 verbose request id 786d81c5034b2eed
29 verbose etag W/"58ca3663-8d286"
30 verbose lastModified Thu, 16 Mar 2017 06:53:23 GMT
31 http request GET https://registry.npmjs.org/mongoose
32 http 304 https://registry.npmjs.org/mongoose
33 verbose headers { date: 'Sun, 19 Mar 2017 04:03:28 GMT',
33 verbose headers   via: '1.1 varnish',
33 verbose headers   'cache-control': 'max-age=300',
33 verbose headers   etag: 'W/"58ca3663-8d286"',
33 verbose headers   age: '252',
33 verbose headers   connection: 'keep-alive',
33 verbose headers   'x-served-by': 'cache-sin18026-SIN',
33 verbose headers   'x-cache': 'HIT',
33 verbose headers   'x-cache-hits': '40',
33 verbose headers   'x-timer': 'S1489896208.471066,VS0,VE0',
33 verbose headers   vary: 'Accept-Encoding' }
34 silly get cb [ 304,
34 silly get   { date: 'Sun, 19 Mar 2017 04:03:28 GMT',
34 silly get     via: '1.1 varnish',
34 silly get     'cache-control': 'max-age=300',
34 silly get     etag: 'W/"58ca3663-8d286"',
34 silly get     age: '252',
34 silly get     connection: 'keep-alive',
34 silly get     'x-served-by': 'cache-sin18026-SIN',
34 silly get     'x-cache': 'HIT',
34 silly get     'x-cache-hits': '40',
34 silly get     'x-timer': 'S1489896208.471066,VS0,VE0',
34 silly get     vary: 'Accept-Encoding' } ]
35 verbose etag https://registry.npmjs.org/mongoose from cache
36 verbose get saving mongoose to C:\Users\Shashi\AppData\Roaming\npm-cache\registry.npmjs.org\mongoose\.cache.json
37 verbose correctMkdir C:\Users\Shashi\AppData\Roaming\npm-cache correctMkdir not in flight; initializing
38 silly fetchNamedPackageData No valid target from cache, forcing network
39 verbose request uri https://registry.npmjs.org/mongoose
40 verbose request no auth needed
41 info attempt registry request try #1 at 9:33:33 AM
42 http request GET https://registry.npmjs.org/mongoose
43 http 200 https://registry.npmjs.org/mongoose
44 verbose headers { server: 'nginx/1.10.1',
44 verbose headers   'content-type': 'application/json',
44 verbose headers   'last-modified': 'Thu, 16 Mar 2017 06:53:23 GMT',
44 verbose headers   etag: 'W/"58ca3663-8d286"',
44 verbose headers   'content-encoding': 'gzip',
44 verbose headers   'cache-control': 'max-age=300',
44 verbose headers   'content-length': '43225',
44 verbose headers   'accept-ranges': 'bytes',
44 verbose headers   date: 'Sun, 19 Mar 2017 04:03:28 GMT',
44 verbose headers   via: '1.1 varnish',
44 verbose headers   age: '252',
44 verbose headers   connection: 'keep-alive',
44 verbose headers   'x-served-by': 'cache-sin18026-SIN',
44 verbose headers   'x-cache': 'HIT',
44 verbose headers   'x-cache-hits': '41',
44 verbose headers   'x-timer': 'S1489896208.723610,VS0,VE0',
44 verbose headers   vary: 'Accept-Encoding' }
45 silly get cb [ 200,
45 silly get   { server: 'nginx/1.10.1',
45 silly get     'content-type': 'application/json',
45 silly get     'last-modified': 'Thu, 16 Mar 2017 06:53:23 GMT',
45 silly get     etag: 'W/"58ca3663-8d286"',
45 silly get     'content-encoding': 'gzip',
45 silly get     'cache-control': 'max-age=300',
45 silly get     'content-length': '43225',
45 silly get     'accept-ranges': 'bytes',
45 silly get     date: 'Sun, 19 Mar 2017 04:03:28 GMT',
45 silly get     via: '1.1 varnish',
45 silly get     age: '252',
45 silly get     connection: 'keep-alive',
45 silly get     'x-served-by': 'cache-sin18026-SIN',
45 silly get     'x-cache': 'HIT',
45 silly get     'x-cache-hits': '41',
45 silly get     'x-timer': 'S1489896208.723610,VS0,VE0',
45 silly get     vary: 'Accept-Encoding' } ]
46 verbose get saving mongoose to C:\Users\Shashi\AppData\Roaming\npm-cache\registry.npmjs.org\mongoose\.cache.json
47 verbose correctMkdir C:\Users\Shashi\AppData\Roaming\npm-cache correctMkdir not in flight; initializing
48 silly fetchPackageMetaData Error: No compatible version found: mongoose@~3.2.12
48 silly fetchPackageMetaData Valid install targets:
48 silly fetchPackageMetaData 4.9.0, 4.8.7, 4.8.6, 4.8.5, 4.8.4, 4.8.3, 4.8.2, 4.8.1, 4.8.0, 4.7.9, 4.7.8, 4.7.7, 4.7.6, 4.7.5, 4.7.5-pre, 4.7.4, 4.7.3, 4.7.2, 4.7.1, 4.7.0, 4.6.8, 4.6.7, 4.6.6, 4.6.5, 4.6.4, 4.6.3, 4.6.2, 4.6.1, 4.6.0, 4.5.10, 4.5.9, 4.5.8, 4.5.7, 4.5.6, 4.5.5, 4.5.4, 4.5.3, 4.5.2, 4.5.1, 4.5.0, 4.4.20, 4.4.19, 4.4.18, 4.4.17, 4.4.16, 4.4.15, 4.4.14, 4.4.13, 4.4.12, 4.4.11, 4.4.10, 4.4.9, 4.4.8, 4.4.7, 4.4.6, 4.4.5, 4.4.4, 4.4.3, 4.4.2, 4.4.1, 4.4.0, 4.3.7, 4.3.6, 4.3.5, 4.3.4, 4.3.3, 4.3.2, 4.3.1, 4.3.0, 4.2.10, 4.2.9, 4.2.8, 4.2.7, 4.2.6, 4.2.5, 4.2.4, 4.2.3, 4.2.2, 4.2.1, 4.2.0, 4.1.12, 4.1.11, 4.1.10, 4.1.9, 4.1.8, 4.1.7, 4.1.6, 4.1.5, 4.1.3, 4.1.2, 4.1.1, 4.1.0, 4.0.8, 4.0.7, 4.0.6, 4.0.5, 4.0.4, 4.0.3, 4.0.2, 4.0.1, 4.0.0, 4.0.0-rc4, 4.0.0-rc3, 4.0.0-rc2, 4.0.0-rc1, 4.0.0-rc0, 3.9.7, 3.9.6, 3.9.5, 3.9.4, 3.9.3, 3.9.2, 3.9.1, 3.9.0, 3.8.40, 3.8.39, 3.8.38, 3.8.37, 3.8.36, 3.8.35, 3.8.34, 3.8.33, 3.8.31, 3.8.30, 3.8.29, 3.8.28, 3.8.27, 3.8.26, 3.8.25, 3.8.24, 3.8.23, 3.8.22, 3.8.21, 3.8.20, 3.8.19, 3.8.18, 3.8.17, 3.8.16, 3.8.15, 3.8.14, 3.8.13, 3.8.12, 3.8.11, 3.8.10, 3.8.9, 3.8.8, 3.8.7, 3.8.6, 3.8.5, 3.8.4, 3.8.3, 3.8.2, 3.8.1, 3.8.0, 3.7.4, 3.7.3, 3.7.2, 3.7.0, 3.6.20, 3.6.19, 3.6.18, 3.6.17, 3.6.16, 3.6.15, 3.6.14, 3.6.13, 3.6.12, 3.6.11, 3.6.10, 3.6.9, 3.6.8, 3.6.7, 3.6.6, 3.6.5, 3.6.4, 3.6.3, 3.6.2, 3.6.0-rc1, 3.6.0-rc0, 3.5.16, 3.5.15, 3.5.14, 3.5.13, 3.5.12, 3.5.11, 3.5.10, 3.5.9, 3.5.8, 3.5.7, 3.5.6, 3.5.5, 3.5.4, 3.5.3, 3.5.2, 3.5.1, 3.5.0, 3.4.0, 3.3.1, 3.3.0, 3.2.2, 3.2.1, 3.2.0, 3.1.1, 3.1.0, 3.0.3, 3.0.2, 3.0.1, 3.0.0, 3.0.0-rc0, 3.0.0-alpha2, 3.0.0-alpha1, 2.9.10, 2.9.9, 2.9.8, 2.9.7, 2.9.6, 2.9.5, 2.9.4, 2.9.3, 2.9.2, 2.9.1, 2.9.0, 2.8.3, 2.8.2, 2.8.1, 2.8.0, 2.7.4, 2.7.3, 2.7.2, 2.7.1, 2.7.0, 2.6.8, 2.6.7, 2.6.6, 2.6.5, 2.6.4, 2.6.3, 2.6.2, 2.6.1, 2.6.0, 2.5.14, 2.5.13, 2.5.12, 2.5.11, 2.5.10, 2.5.9, 2.5.8, 2.5.7, 2.5.6, 2.5.5, 2.5.4, 2.5.3, 2.5.2, 2.5.1, 2.5.0, 2.4.10, 2.4.9, 2.4.8, 2.4.7, 2.4.6, 2.4.5, 2.4.4, 2.4.3, 2.4.2, 2.4.1, 2.4.0, 2.3.13, 2.3.12, 2.3.11, 2.3.10, 2.3.9, 2.3.8, 2.3.7, 2.3.6, 2.3.5, 2.3.4, 2.3.3, 2.3.2, 2.3.1, 2.3.0, 2.2.4, 2.2.3, 2.2.2, 2.2.1, 2.2.0, 2.1.4, 2.1.3, 2.1.2, 2.1.1, 2.1.0, 2.0.4, 2.0.3, 2.0.2, 2.0.1, 2.0.0, 1.8.4, 1.8.3, 1.8.2, 1.8.1, 1.8.0, 1.7.4, 1.7.3, 1.7.2, 1.6.0, 1.5.0, 1.4.0, 1.3.7, 1.3.6, 1.3.5, 1.3.4, 1.3.3, 1.3.2, 1.3.1, 1.3.0, 1.2.0, 1.1.25, 1.1.24, 1.1.23, 1.1.22, 1.1.21, 1.1.20, 1.1.19, 1.1.18, 1.1.17, 1.1.16, 1.1.15, 1.1.14, 1.1.13, 1.1.12, 1.1.11, 1.1.10, 1.1.9, 1.1.8, 1.1.7, 1.1.6, 1.1.5, 1.1.4, 1.1.3, 1.1.2, 1.1.1, 1.1.0, 1.0.16, 1.0.15, 1.0.14, 1.0.13, 1.0.12, 1.0.11, 1.0.10, 1.0.8, 1.0.7, 1.0.6, 1.0.5, 1.0.4, 1.0.3, 1.0.2, 1.0.1, 1.0.0, 0.0.6, 0.0.5, 0.0.4, 0.0.3, 0.0.2, 0.0.1
48 silly fetchPackageMetaData
48 silly fetchPackageMetaData     at pickVersionFromRegistryDocument (C:\Program Files\nodejs\node_modules\npm\lib\fetch-package-metadata.js:178:16)
48 silly fetchPackageMetaData     at C:\Program Files\nodejs\node_modules\npm\node_modules\iferr\index.js:13:50
48 silly fetchPackageMetaData     at C:\Program Files\nodejs\node_modules\npm\lib\utils\pulse-till-done.js:20:8
48 silly fetchPackageMetaData     at saved (C:\Program Files\nodejs\node_modules\npm\lib\cache\caching-client.js:174:7)
48 silly fetchPackageMetaData     at C:\Program Files\nodejs\node_modules\npm\node_modules\graceful-fs\polyfills.js:241:18
48 silly fetchPackageMetaData     at FSReqWrap.oncomplete (fs.js:123:15)
48 silly fetchPackageMetaData  error for mongoose@~3.2.12 { Error: No compatible version found: mongoose@~3.2.12
48 silly fetchPackageMetaData Valid install targets:
48 silly fetchPackageMetaData 4.9.0, 4.8.7, 4.8.6, 4.8.5, 4.8.4, 4.8.3, 4.8.2, 4.8.1, 4.8.0, 4.7.9, 4.7.8, 4.7.7, 4.7.6, 4.7.5, 4.7.5-pre, 4.7.4, 4.7.3, 4.7.2, 4.7.1, 4.7.0, 4.6.8, 4.6.7, 4.6.6, 4.6.5, 4.6.4, 4.6.3, 4.6.2, 4.6.1, 4.6.0, 4.5.10, 4.5.9, 4.5.8, 4.5.7, 4.5.6, 4.5.5, 4.5.4, 4.5.3, 4.5.2, 4.5.1, 4.5.0, 4.4.20, 4.4.19, 4.4.18, 4.4.17, 4.4.16, 4.4.15, 4.4.14, 4.4.13, 4.4.12, 4.4.11, 4.4.10, 4.4.9, 4.4.8, 4.4.7, 4.4.6, 4.4.5, 4.4.4, 4.4.3, 4.4.2, 4.4.1, 4.4.0, 4.3.7, 4.3.6, 4.3.5, 4.3.4, 4.3.3, 4.3.2, 4.3.1, 4.3.0, 4.2.10, 4.2.9, 4.2.8, 4.2.7, 4.2.6, 4.2.5, 4.2.4, 4.2.3, 4.2.2, 4.2.1, 4.2.0, 4.1.12, 4.1.11, 4.1.10, 4.1.9, 4.1.8, 4.1.7, 4.1.6, 4.1.5, 4.1.3, 4.1.2, 4.1.1, 4.1.0, 4.0.8, 4.0.7, 4.0.6, 4.0.5, 4.0.4, 4.0.3, 4.0.2, 4.0.1, 4.0.0, 4.0.0-rc4, 4.0.0-rc3, 4.0.0-rc2, 4.0.0-rc1, 4.0.0-rc0, 3.9.7, 3.9.6, 3.9.5, 3.9.4, 3.9.3, 3.9.2, 3.9.1, 3.9.0, 3.8.40, 3.8.39, 3.8.38, 3.8.37, 3.8.36, 3.8.35, 3.8.34, 3.8.33, 3.8.31, 3.8.30, 3.8.29, 3.8.28, 3.8.27, 3.8.26, 3.8.25, 3.8.24, 3.8.23, 3.8.22, 3.8.21, 3.8.20, 3.8.19, 3.8.18, 3.8.17, 3.8.16, 3.8.15, 3.8.14, 3.8.13, 3.8.12, 3.8.11, 3.8.10, 3.8.9, 3.8.8, 3.8.7, 3.8.6, 3.8.5, 3.8.4, 3.8.3, 3.8.2, 3.8.1, 3.8.0, 3.7.4, 3.7.3, 3.7.2, 3.7.0, 3.6.20, 3.6.19, 3.6.18, 3.6.17, 3.6.16, 3.6.15, 3.6.14, 3.6.13, 3.6.12, 3.6.11, 3.6.10, 3.6.9, 3.6.8, 3.6.7, 3.6.6, 3.6.5, 3.6.4, 3.6.3, 3.6.2, 3.6.0-rc1, 3.6.0-rc0, 3.5.16, 3.5.15, 3.5.14, 3.5.13, 3.5.12, 3.5.11, 3.5.10, 3.5.9, 3.5.8, 3.5.7, 3.5.6, 3.5.5, 3.5.4, 3.5.3, 3.5.2, 3.5.1, 3.5.0, 3.4.0, 3.3.1, 3.3.0, 3.2.2, 3.2.1, 3.2.0, 3.1.1, 3.1.0, 3.0.3, 3.0.2, 3.0.1, 3.0.0, 3.0.0-rc0, 3.0.0-alpha2, 3.0.0-alpha1, 2.9.10, 2.9.9, 2.9.8, 2.9.7, 2.9.6, 2.9.5, 2.9.4, 2.9.3, 2.9.2, 2.9.1, 2.9.0, 2.8.3, 2.8.2, 2.8.1, 2.8.0, 2.7.4, 2.7.3, 2.7.2, 2.7.1, 2.7.0, 2.6.8, 2.6.7, 2.6.6, 2.6.5, 2.6.4, 2.6.3, 2.6.2, 2.6.1, 2.6.0, 2.5.14, 2.5.13, 2.5.12, 2.5.11, 2.5.10, 2.5.9, 2.5.8, 2.5.7, 2.5.6, 2.5.5, 2.5.4, 2.5.3, 2.5.2, 2.5.1, 2.5.0, 2.4.10, 2.4.9, 2.4.8, 2.4.7, 2.4.6, 2.4.5, 2.4.4, 2.4.3, 2.4.2, 2.4.1, 2.4.0, 2.3.13, 2.3.12, 2.3.11, 2.3.10, 2.3.9, 2.3.8, 2.3.7, 2.3.6, 2.3.5, 2.3.4, 2.3.3, 2.3.2, 2.3.1, 2.3.0, 2.2.4, 2.2.3, 2.2.2, 2.2.1, 2.2.0, 2.1.4, 2.1.3, 2.1.2, 2.1.1, 2.1.0, 2.0.4, 2.0.3, 2.0.2, 2.0.1, 2.0.0, 1.8.4, 1.8.3, 1.8.2, 1.8.1, 1.8.0, 1.7.4, 1.7.3, 1.7.2, 1.6.0, 1.5.0, 1.4.0, 1.3.7, 1.3.6, 1.3.5, 1.3.4, 1.3.3, 1.3.2, 1.3.1, 1.3.0, 1.2.0, 1.1.25, 1.1.24, 1.1.23, 1.1.22, 1.1.21, 1.1.20, 1.1.19, 1.1.18, 1.1.17, 1.1.16, 1.1.15, 1.1.14, 1.1.13, 1.1.12, 1.1.11, 1.1.10, 1.1.9, 1.1.8, 1.1.7, 1.1.6, 1.1.5, 1.1.4, 1.1.3, 1.1.2, 1.1.1, 1.1.0, 1.0.16, 1.0.15, 1.0.14, 1.0.13, 1.0.12, 1.0.11, 1.0.10, 1.0.8, 1.0.7, 1.0.6, 1.0.5, 1.0.4, 1.0.3, 1.0.2, 1.0.1, 1.0.0, 0.0.6, 0.0.5, 0.0.4, 0.0.3, 0.0.2, 0.0.1
48 silly fetchPackageMetaData
48 silly fetchPackageMetaData     at pickVersionFromRegistryDocument (C:\Program Files\nodejs\node_modules\npm\lib\fetch-package-metadata.js:178:16)
48 silly fetchPackageMetaData     at C:\Program Files\nodejs\node_modules\npm\node_modules\iferr\index.js:13:50
48 silly fetchPackageMetaData     at C:\Program Files\nodejs\node_modules\npm\lib\utils\pulse-till-done.js:20:8
48 silly fetchPackageMetaData     at saved (C:\Program Files\nodejs\node_modules\npm\lib\cache\caching-client.js:174:7)
48 silly fetchPackageMetaData     at C:\Program Files\nodejs\node_modules\npm\node_modules\graceful-fs\polyfills.js:241:18
48 silly fetchPackageMetaData     at FSReqWrap.oncomplete (fs.js:123:15) code: 'ETARGET' }
49 silly rollbackFailedOptional Starting
50 silly rollbackFailedOptional Finishing
51 silly runTopLevelLifecycles Finishing
52 silly install printInstalled
53 verbose stack Error: No compatible version found: mongoose@~3.2.12
53 verbose stack Valid install targets:
53 verbose stack 4.9.0, 4.8.7, 4.8.6, 4.8.5, 4.8.4, 4.8.3, 4.8.2, 4.8.1, 4.8.0, 4.7.9, 4.7.8, 4.7.7, 4.7.6, 4.7.5, 4.7.5-pre, 4.7.4, 4.7.3, 4.7.2, 4.7.1, 4.7.0, 4.6.8, 4.6.7, 4.6.6, 4.6.5, 4.6.4, 4.6.3, 4.6.2, 4.6.1, 4.6.0, 4.5.10, 4.5.9, 4.5.8, 4.5.7, 4.5.6, 4.5.5, 4.5.4, 4.5.3, 4.5.2, 4.5.1, 4.5.0, 4.4.20, 4.4.19, 4.4.18, 4.4.17, 4.4.16, 4.4.15, 4.4.14, 4.4.13, 4.4.12, 4.4.11, 4.4.10, 4.4.9, 4.4.8, 4.4.7, 4.4.6, 4.4.5, 4.4.4, 4.4.3, 4.4.2, 4.4.1, 4.4.0, 4.3.7, 4.3.6, 4.3.5, 4.3.4, 4.3.3, 4.3.2, 4.3.1, 4.3.0, 4.2.10, 4.2.9, 4.2.8, 4.2.7, 4.2.6, 4.2.5, 4.2.4, 4.2.3, 4.2.2, 4.2.1, 4.2.0, 4.1.12, 4.1.11, 4.1.10, 4.1.9, 4.1.8, 4.1.7, 4.1.6, 4.1.5, 4.1.3, 4.1.2, 4.1.1, 4.1.0, 4.0.8, 4.0.7, 4.0.6, 4.0.5, 4.0.4, 4.0.3, 4.0.2, 4.0.1, 4.0.0, 4.0.0-rc4, 4.0.0-rc3, 4.0.0-rc2, 4.0.0-rc1, 4.0.0-rc0, 3.9.7, 3.9.6, 3.9.5, 3.9.4, 3.9.3, 3.9.2, 3.9.1, 3.9.0, 3.8.40, 3.8.39, 3.8.38, 3.8.37, 3.8.36, 3.8.35, 3.8.34, 3.8.33, 3.8.31, 3.8.30, 3.8.29, 3.8.28, 3.8.27, 3.8.26, 3.8.25, 3.8.24, 3.8.23, 3.8.22, 3.8.21, 3.8.20, 3.8.19, 3.8.18, 3.8.17, 3.8.16, 3.8.15, 3.8.14, 3.8.13, 3.8.12, 3.8.11, 3.8.10, 3.8.9, 3.8.8, 3.8.7, 3.8.6, 3.8.5, 3.8.4, 3.8.3, 3.8.2, 3.8.1, 3.8.0, 3.7.4, 3.7.3, 3.7.2, 3.7.0, 3.6.20, 3.6.19, 3.6.18, 3.6.17, 3.6.16, 3.6.15, 3.6.14, 3.6.13, 3.6.12, 3.6.11, 3.6.10, 3.6.9, 3.6.8, 3.6.7, 3.6.6, 3.6.5, 3.6.4, 3.6.3, 3.6.2, 3.6.0-rc1, 3.6.0-rc0, 3.5.16, 3.5.15, 3.5.14, 3.5.13, 3.5.12, 3.5.11, 3.5.10, 3.5.9, 3.5.8, 3.5.7, 3.5.6, 3.5.5, 3.5.4, 3.5.3, 3.5.2, 3.5.1, 3.5.0, 3.4.0, 3.3.1, 3.3.0, 3.2.2, 3.2.1, 3.2.0, 3.1.1, 3.1.0, 3.0.3, 3.0.2, 3.0.1, 3.0.0, 3.0.0-rc0, 3.0.0-alpha2, 3.0.0-alpha1, 2.9.10, 2.9.9, 2.9.8, 2.9.7, 2.9.6, 2.9.5, 2.9.4, 2.9.3, 2.9.2, 2.9.1, 2.9.0, 2.8.3, 2.8.2, 2.8.1, 2.8.0, 2.7.4, 2.7.3, 2.7.2, 2.7.1, 2.7.0, 2.6.8, 2.6.7, 2.6.6, 2.6.5, 2.6.4, 2.6.3, 2.6.2, 2.6.1, 2.6.0, 2.5.14, 2.5.13, 2.5.12, 2.5.11, 2.5.10, 2.5.9, 2.5.8, 2.5.7, 2.5.6, 2.5.5, 2.5.4, 2.5.3, 2.5.2, 2.5.1, 2.5.0, 2.4.10, 2.4.9, 2.4.8, 2.4.7, 2.4.6, 2.4.5, 2.4.4, 2.4.3, 2.4.2, 2.4.1, 2.4.0, 2.3.13, 2.3.12, 2.3.11, 2.3.10, 2.3.9, 2.3.8, 2.3.7, 2.3.6, 2.3.5, 2.3.4, 2.3.3, 2.3.2, 2.3.1, 2.3.0, 2.2.4, 2.2.3, 2.2.2, 2.2.1, 2.2.0, 2.1.4, 2.1.3, 2.1.2, 2.1.1, 2.1.0, 2.0.4, 2.0.3, 2.0.2, 2.0.1, 2.0.0, 1.8.4, 1.8.3, 1.8.2, 1.8.1, 1.8.0, 1.7.4, 1.7.3, 1.7.2, 1.6.0, 1.5.0, 1.4.0, 1.3.7, 1.3.6, 1.3.5, 1.3.4, 1.3.3, 1.3.2, 1.3.1, 1.3.0, 1.2.0, 1.1.25, 1.1.24, 1.1.23, 1.1.22, 1.1.21, 1.1.20, 1.1.19, 1.1.18, 1.1.17, 1.1.16, 1.1.15, 1.1.14, 1.1.13, 1.1.12, 1.1.11, 1.1.10, 1.1.9, 1.1.8, 1.1.7, 1.1.6, 1.1.5, 1.1.4, 1.1.3, 1.1.2, 1.1.1, 1.1.0, 1.0.16, 1.0.15, 1.0.14, 1.0.13, 1.0.12, 1.0.11, 1.0.10, 1.0.8, 1.0.7, 1.0.6, 1.0.5, 1.0.4, 1.0.3, 1.0.2, 1.0.1, 1.0.0, 0.0.6, 0.0.5, 0.0.4, 0.0.3, 0.0.2, 0.0.1
53 verbose stack
53 verbose stack     at pickVersionFromRegistryDocument (C:\Program Files\nodejs\node_modules\npm\lib\fetch-package-metadata.js:178:16)
53 verbose stack     at C:\Program Files\nodejs\node_modules\npm\node_modules\iferr\index.js:13:50
53 verbose stack     at C:\Program Files\nodejs\node_modules\npm\lib\utils\pulse-till-done.js:20:8
53 verbose stack     at saved (C:\Program Files\nodejs\node_modules\npm\lib\cache\caching-client.js:174:7)
53 verbose stack     at C:\Program Files\nodejs\node_modules\npm\node_modules\graceful-fs\polyfills.js:241:18
53 verbose stack     at FSReqWrap.oncomplete (fs.js:123:15)
54 verbose cwd C:\Users\Shashi\Movies\node\bear
55 error Windows_NT 6.3.9600
56 error argv "C:\\Program Files\\nodejs\\node.exe" "C:\\Program Files\\nodejs\\node_modules\\npm\\bin\\npm-cli.js" "install"
57 error node v6.10.0
58 error npm  v3.10.10
59 error code ETARGET
60 error notarget No compatible version found: mongoose@~3.2.12
60 error notarget Valid install targets:
60 error notarget 4.9.0, 4.8.7, 4.8.6, 4.8.5, 4.8.4, 4.8.3, 4.8.2, 4.8.1, 4.8.0, 4.7.9, 4.7.8, 4.7.7, 4.7.6, 4.7.5, 4.7.5-pre, 4.7.4, 4.7.3, 4.7.2, 4.7.1, 4.7.0, 4.6.8, 4.6.7, 4.6.6, 4.6.5, 4.6.4, 4.6.3, 4.6.2, 4.6.1, 4.6.0, 4.5.10, 4.5.9, 4.5.8, 4.5.7, 4.5.6, 4.5.5, 4.5.4, 4.5.3, 4.5.2, 4.5.1, 4.5.0, 4.4.20, 4.4.19, 4.4.18, 4.4.17, 4.4.16, 4.4.15, 4.4.14, 4.4.13, 4.4.12, 4.4.11, 4.4.10, 4.4.9, 4.4.8, 4.4.7, 4.4.6, 4.4.5, 4.4.4, 4.4.3, 4.4.2, 4.4.1, 4.4.0, 4.3.7, 4.3.6, 4.3.5, 4.3.4, 4.3.3, 4.3.2, 4.3.1, 4.3.0, 4.2.10, 4.2.9, 4.2.8, 4.2.7, 4.2.6, 4.2.5, 4.2.4, 4.2.3, 4.2.2, 4.2.1, 4.2.0, 4.1.12, 4.1.11, 4.1.10, 4.1.9, 4.1.8, 4.1.7, 4.1.6, 4.1.5, 4.1.3, 4.1.2, 4.1.1, 4.1.0, 4.0.8, 4.0.7, 4.0.6, 4.0.5, 4.0.4, 4.0.3, 4.0.2, 4.0.1, 4.0.0, 4.0.0-rc4, 4.0.0-rc3, 4.0.0-rc2, 4.0.0-rc1, 4.0.0-rc0, 3.9.7, 3.9.6, 3.9.5, 3.9.4, 3.9.3, 3.9.2, 3.9.1, 3.9.0, 3.8.40, 3.8.39, 3.8.38, 3.8.37, 3.8.36, 3.8.35, 3.8.34, 3.8.33, 3.8.31, 3.8.30, 3.8.29, 3.8.28, 3.8.27, 3.8.26, 3.8.25, 3.8.24, 3.8.23, 3.8.22, 3.8.21, 3.8.20, 3.8.19, 3.8.18, 3.8.17, 3.8.16, 3.8.15, 3.8.14, 3.8.13, 3.8.12, 3.8.11, 3.8.10, 3.8.9, 3.8.8, 3.8.7, 3.8.6, 3.8.5, 3.8.4, 3.8.3, 3.8.2, 3.8.1, 3.8.0, 3.7.4, 3.7.3, 3.7.2, 3.7.0, 3.6.20, 3.6.19, 3.6.18, 3.6.17, 3.6.16, 3.6.15, 3.6.14, 3.6.13, 3.6.12, 3.6.11, 3.6.10, 3.6.9, 3.6.8, 3.6.7, 3.6.6, 3.6.5, 3.6.4, 3.6.3, 3.6.2, 3.6.0-rc1, 3.6.0-rc0, 3.5.16, 3.5.15, 3.5.14, 3.5.13, 3.5.12, 3.5.11, 3.5.10, 3.5.9, 3.5.8, 3.5.7, 3.5.6, 3.5.5, 3.5.4, 3.5.3, 3.5.2, 3.5.1, 3.5.0, 3.4.0, 3.3.1, 3.3.0, 3.2.2, 3.2.1, 3.2.0, 3.1.1, 3.1.0, 3.0.3, 3.0.2, 3.0.1, 3.0.0, 3.0.0-rc0, 3.0.0-alpha2, 3.0.0-alpha1, 2.9.10, 2.9.9, 2.9.8, 2.9.7, 2.9.6, 2.9.5, 2.9.4, 2.9.3, 2.9.2, 2.9.1, 2.9.0, 2.8.3, 2.8.2, 2.8.1, 2.8.0, 2.7.4, 2.7.3, 2.7.2, 2.7.1, 2.7.0, 2.6.8, 2.6.7, 2.6.6, 2.6.5, 2.6.4, 2.6.3, 2.6.2, 2.6.1, 2.6.0, 2.5.14, 2.5.13, 2.5.12, 2.5.11, 2.5.10, 2.5.9, 2.5.8, 2.5.7, 2.5.6, 2.5.5, 2.5.4, 2.5.3, 2.5.2, 2.5.1, 2.5.0, 2.4.10, 2.4.9, 2.4.8, 2.4.7, 2.4.6, 2.4.5, 2.4.4, 2.4.3, 2.4.2, 2.4.1, 2.4.0, 2.3.13, 2.3.12, 2.3.11, 2.3.10, 2.3.9, 2.3.8, 2.3.7, 2.3.6, 2.3.5, 2.3.4, 2.3.3, 2.3.2, 2.3.1, 2.3.0, 2.2.4, 2.2.3, 2.2.2, 2.2.1, 2.2.0, 2.1.4, 2.1.3, 2.1.2, 2.1.1, 2.1.0, 2.0.4, 2.0.3, 2.0.2, 2.0.1, 2.0.0, 1.8.4, 1.8.3, 1.8.2, 1.8.1, 1.8.0, 1.7.4, 1.7.3, 1.7.2, 1.6.0, 1.5.0, 1.4.0, 1.3.7, 1.3.6, 1.3.5, 1.3.4, 1.3.3, 1.3.2, 1.3.1, 1.3.0, 1.2.0, 1.1.25, 1.1.24, 1.1.23, 1.1.22, 1.1.21, 1.1.20, 1.1.19, 1.1.18, 1.1.17, 1.1.16, 1.1.15, 1.1.14, 1.1.13, 1.1.12, 1.1.11, 1.1.10, 1.1.9, 1.1.8, 1.1.7, 1.1.6, 1.1.5, 1.1.4, 1.1.3, 1.1.2, 1.1.1, 1.1.0, 1.0.16, 1.0.15, 1.0.14, 1.0.13, 1.0.12, 1.0.11, 1.0.10, 1.0.8, 1.0.7, 1.0.6, 1.0.5, 1.0.4, 1.0.3, 1.0.2, 1.0.1, 1.0.0, 0.0.6, 0.0.5, 0.0.4, 0.0.3, 0.0.2, 0.0.1
61 error notarget This is most likely not a problem with npm itself.
61 error notarget In most cases you or one of your dependencies are requesting
61 error notarget a package version that doesn't exist.
61 error notarget
61 error notarget It was specified as a dependency of 'node-api'
62 verbose exit [ 1, true ]
